<?xml version="1.0" encoding="UTF-8"?>
<testsuite name="tests.GroupCreationTests" tests="1" skipped="0" failures="0" errors="0" timestamp="2020-03-13T14:37:42" hostname="user-B365MHD3" time="0.741">
  <properties/>
  <testcase name="testGroupCreation" classname="tests.GroupCreationTests" time="0.741"/>
  <system-out><![CDATA[]]></system-out>
  <system-err><![CDATA[Starting ChromeDriver 79.0.3945.36 (3582db32b33893869b8c1339e8f4d9ed1816f143-refs/branch-heads/3945@{#614}) on port 8418
Only local connections are allowed.
Please protect ports used by ChromeDriver and related test frameworks to prevent access by malicious code.
[1584110262,240][WARNING]: This version of ChromeDriver has not been tested with Chrome version 80.
мар 13, 2020 6:37:42 PM org.openqa.selenium.remote.ProtocolHandshake createSession
INFO: Detected dialect: W3C
]]></system-err>
</testsuite>
