<?xml version="1.0" encoding="UTF-8"?>
<testsuite name="GroupDeletionTests" tests="1" skipped="0" failures="0" errors="0" timestamp="2020-03-11T13:23:20" hostname="user-B365MHD3" time="0.274">
  <properties/>
  <testcase name="testGroupDeletionTests" classname="GroupDeletionTests" time="0.274"/>
  <system-out><![CDATA[]]></system-out>
  <system-err><![CDATA[Starting ChromeDriver 79.0.3945.36 (3582db32b33893869b8c1339e8f4d9ed1816f143-refs/branch-heads/3945@{#614}) on port 21854
Only local connections are allowed.
Please protect ports used by ChromeDriver and related test frameworks to prevent access by malicious code.
[1583932999,650][WARNING]: This version of ChromeDriver has not been tested with Chrome version 80.
мар 11, 2020 5:23:19 PM org.openqa.selenium.remote.ProtocolHandshake createSession
INFO: Detected dialect: W3C
]]></system-err>
</testsuite>
